====================================================
              LYNX C++ (Phase 1)
====================================================

Lattice vectors (Bohr):
      7.630000     0.000000     0.000000
      0.000000     7.630000     0.000000
      0.000000     0.000000     7.630000

Lattice lengths: 7.630000  7.630000  7.630000 Bohr
Cell volume:     444.194947 Bohr^3
Cell type:       Orthogonal

Grid: 15 x 15 x 15 = 3375
Mesh spacing: dx=0.508667  dy=0.508667  dz=0.508667 Bohr
FD order: 12

Atom types: 3, Total atoms: 5
  Ba: 1 atoms
  Ti: 1 atoms
  O: 3 atoms

Nstates: 29
K-points: 1 x 1 x 1
SCF tolerance: 1.0e-06
Max SCF iterations: 100
====================================================
K-points: 1x1x1 grid, 1 full -> 1 symmetry-reduced (gamma-only)
  k[ 0]:   0.0000   0.0000   0.0000  wt=1.000

Parallelization: 1 procs, domain [0:14]x[0:14]x[0:14] = 3375 pts
  npspin=1, npkpt=1, npband=1
  This rank: spin_start=0 Nspin_local=1 kpt_start=0 Nkpts_local=1 band_start=0 Nband_local=29
Atoms: 5 total, 40 electrons, 3 types
Atom influence computed (rc_max = 10.0593 Bohr, 5 entries)
Computing pseudocharge...
  pschg: type=0, 0 images, Znucl=10.0
  pschg: type=1, 1 images, Znucl=12.0
    img 0/1: box=[7:14,9:14,2:14] ext=20x18x25=9000
  pschg: type=2, 4 images, Znucl=6.0
    img 0/4: box=[5:14,5:14,0:7] ext=22x22x20=9680
  pschg loop done in 2.0 ms
Pseudocharge: int(b) = 0.000000 (expected: -40.0)
Eself = -0.000000, Ec = 0.000000, Esc = -0.000000 Ha
DEBUG_PSCHG: b_2norm=0.0000000006 b_min=-0.0000000000 b_max=0.0000000003
Nonlocal projectors: 0 total
Atomic density: max=0.0000, int*dV=0.000000 (expected 40)
NLCC: core charge integral = 0.000000

===== Starting SCF =====
Auto Chebyshev degree: 17 (h_eff=0.508667)
DUMP_INIT_RHO sum=0.000000000000000e+00 sum*dV=0.000000000000000e+00 rho[0]=0.000000000000000e+00 rho[6143]=0.000000000000000e+00
DUMP_PSEUDOCHARGE sum=0.000000000000000e+00 b[0]=0.000000000000000e+00 b[6143]=0.000000000000000e+00
DUMP_INIT_PHI min=-1.695996626936165e-11 max=3.331965494170103e-10 phi[0]=5.303226692423506e-11
DUMP_INIT_VXC sum=-1.378861982238853e-01 Vxc[0]=-4.085516984411055e-05
DUMP_INIT_VEFF sum=-1.378861982238727e-01 Veff[0]=-4.085511681184363e-05
DUMP_VEFF[0]=-4.085511681184363e-05
DUMP_VEFF[1]=-4.085513579454278e-05
DUMP_VEFF[2]=-4.085515104807937e-05
DUMP_VEFF[3]=-4.085516187086287e-05
DUMP_VEFF[4]=-4.085516921199848e-05
DUMP_VEFF[5]=-4.085517376672300e-05
DUMP_VEFF[6]=-4.085517596027032e-05
DUMP_VEFF[7]=-4.085517599136183e-05
DUMP_VEFF[8]=-4.085517386507107e-05
DUMP_VEFF[9]=-4.085516939421877e-05
DUMP_PHI[0]=5.303226692423506e-11
DUMP_PHI[1]=3.404956777185091e-11
DUMP_PHI[2]=1.879603118107453e-11
DUMP_PHI[3]=7.973247684498971e-12
DUMP_PHI[4]=6.321120712681091e-13
DUMP_PHI[5]=-3.922612442370622e-12
DUMP_PHI[6]=-6.116159772513622e-12
DUMP_PHI[7]=-6.147251283057280e-12
DUMP_PHI[8]=-4.020960521198434e-12
DUMP_PHI[9]=4.498917879822521e-13
DUMP_RHO[0]=0.000000000000000e+00
DUMP_RHO[1]=0.000000000000000e+00
DUMP_RHO[2]=0.000000000000000e+00
DUMP_RHO[3]=0.000000000000000e+00
DUMP_RHO[4]=0.000000000000000e+00
DUMP_RHO[5]=0.000000000000000e+00
DUMP_RHO[6]=0.000000000000000e+00
DUMP_RHO[7]=0.000000000000000e+00
DUMP_RHO[8]=0.000000000000000e+00
DUMP_RHO[9]=0.000000000000000e+00
DUMP_B[0]=0.000000000000000e+00
DUMP_B[1]=0.000000000000000e+00
DUMP_B[2]=0.000000000000000e+00
DUMP_B[3]=0.000000000000000e+00
DUMP_B[4]=0.000000000000000e+00
DUMP_B[5]=0.000000000000000e+00
DUMP_B[6]=0.000000000000000e+00
DUMP_B[7]=0.000000000000000e+00
DUMP_B[8]=0.000000000000000e+00
DUMP_B[9]=0.000000000000000e+00
Lanczos bounds (spin 0): eigmin=-9.993442e-02, eigmax=4.054149e+01
Chebyshev degree: 17
SCF iter 1: 4 CheFSI passes (rhoTrigger)
DUMP_SCF_ITER=0 PASS=0
DUMP_EIGVALS 4.0784019229e-01 6.6109328831e-01 7.4516304028e-01 8.1747367804e-01 8.3809953708e-01 9.5764219818e-01 1.0033678751e+00 1.0443775600e+00 1.0900938789e+00 1.1502690823e+00 1.2365870888e+00 1.3381065782e+00 1.3558724905e+00 1.3901006184e+00 1.4903988440e+00 1.5356078841e+00 1.6601375742e+00 1.6740578503e+00 1.7309524597e+00 1.8044515314e+00 1.8127951966e+00 1.8968062102e+00 1.9677457209e+00 2.0954804676e+00 2.1307412313e+00 2.1347882148e+00 2.1906905482e+00 2.2359308723e+00 2.4514657238e+00
DUMP_EFERMI=1.808623363971830e+00
DUMP_OCC 1.0000000000e+00 1.0000000000e+00 1.0000000000e+00 1.0000000000e+00 1.0000000000e+00 1.0000000000e+00 1.0000000000e+00 1.0000000000e+00 1.0000000000e+00 1.0000000000e+00 1.0000000000e+00 1.0000000000e+00 1.0000000000e+00 1.0000000000e+00 1.0000000000e+00 1.0000000000e+00 1.0000000000e+00 1.0000000000e+00 1.0000000000e+00 7.8893084365e-01 2.1106915635e-01 7.1355405513e-65 3.6024768651e-206 0.0000000000e+00 0.0000000000e+00 0.0000000000e+00 0.0000000000e+00 0.0000000000e+00 0.0000000000e+00
DUMP_SCF_ITER=0 PASS=1
DUMP_EIGVALS 1.3091464015e-03 3.3967992847e-01 3.4025145586e-01 3.4283906489e-01 3.4628816157e-01 3.5170879234e-01 3.6528881284e-01 6.7927930842e-01 6.8041110240e-01 6.8101376334e-01 6.8194671346e-01 6.8274421266e-01 6.8544759323e-01 6.8842837068e-01 6.9169191476e-01 7.0409070300e-01 7.2349908777e-01 7.7194494282e-01 7.9839910966e-01 1.0259998071e+00 1.0318491855e+00 1.0606102229e+00 1.0631129951e+00 1.1021117355e+00 1.2094066901e+00 1.2412577690e+00 1.3639035852e+00 1.4597260550e+00 1.5626186573e+00
DUMP_EFERMI=1.028924496310421e+00
DUMP_OCC 1.0000000000e+00 1.0000000000e+00 1.0000000000e+00 1.0000000000e+00 1.0000000000e+00 1.0000000000e+00 1.0000000000e+00 1.0000000000e+00 1.0000000000e+00 1.0000000000e+00 1.0000000000e+00 1.0000000000e+00 1.0000000000e+00 1.0000000000e+00 1.0000000000e+00 1.0000000000e+00 1.0000000000e+00 1.0000000000e+00 1.0000000000e+00 7.1319735170e-01 2.8680264774e-01 5.4119113285e-10 2.3788133095e-11 2.4427172868e-45 1.5302521893e-264 0.0000000000e+00 0.0000000000e+00 0.0000000000e+00 0.0000000000e+00
DUMP_SCF_ITER=0 PASS=2
DUMP_EIGVALS -4.0150383190e-05 3.3902235810e-01 3.3902237092e-01 3.3902323925e-01 3.3902771847e-01 3.3904333713e-01 3.3913250200e-01 6.7808560917e-01 6.7808564673e-01 6.7808567104e-01 6.7808570879e-01 6.7808578061e-01 6.7808590491e-01 6.7808623201e-01 6.7809107795e-01 6.7815003837e-01 6.7832534544e-01 6.7852959002e-01 6.8262914123e-01 1.0171525196e+00 1.0171535528e+00 1.0171660293e+00 1.0171995713e+00 1.0176833275e+00 1.0225746140e+00 1.0310328682e+00 1.0629523678e+00 1.3566669403e+00 1.3577933337e+00
DUMP_EFERMI=1.012781081726622e+00
DUMP_OCC 1.0000000000e+00 1.0000000000e+00 1.0000000000e+00 1.0000000000e+00 1.0000000000e+00 1.0000000000e+00 1.0000000000e+00 1.0000000000e+00 1.0000000000e+00 1.0000000000e+00 1.0000000000e+00 1.0000000000e+00 1.0000000000e+00 1.0000000000e+00 1.0000000000e+00 1.0000000000e+00 1.0000000000e+00 1.0000000000e+00 1.0000000000e+00 2.0013930007e-01 2.0008362203e-01 1.9941204108e-01 1.9761329962e-01 1.7277437310e-01 2.9754898523e-02 2.2246556383e-04 2.3721981379e-22 0.0000000000e+00 0.0000000000e+00
DUMP_SCF_ITER=0 PASS=3
DUMP_EIGVALS -4.0855110013e-05 3.3902235149e-01 3.3902235150e-01 3.3902235175e-01 3.3902235352e-01 3.3902235936e-01 3.3902240102e-01 6.7808555815e-01 6.7808555816e-01 6.7808555817e-01 6.7808555818e-01 6.7808555820e-01 6.7808555821e-01 6.7808555827e-01 6.7808555923e-01 6.7808570896e-01 6.7808614108e-01 6.7808668778e-01 6.7809955616e-01 1.0171487722e+00 1.0171487735e+00 1.0171487965e+00 1.0171488615e+00 1.0171615782e+00 1.0172865609e+00 1.0175109647e+00 1.0184662527e+00 1.3562435902e+00 1.3563282219e+00
DUMP_EFERMI=1.011379131522122e+00
DUMP_OCC 1.0000000000e+00 1.0000000000e+00 1.0000000000e+00 1.0000000000e+00 1.0000000000e+00 1.0000000000e+00 1.0000000000e+00 1.0000000000e+00 1.0000000000e+00 1.0000000000e+00 1.0000000000e+00 1.0000000000e+00 1.0000000000e+00 1.0000000000e+00 1.0000000000e+00 1.0000000000e+00 1.0000000000e+00 1.0000000000e+00 1.0000000000e+00 1.3346571104e-01 1.3346565345e-01 1.3346470161e-01 1.3346200631e-01 1.3293562660e-01 1.2783827495e-01 1.1903040953e-01 8.6337616504e-02 0.0000000000e+00 0.0000000000e+00
DUMP_RHO_OUT sum=3.039206116858421e+02 sum*dV=4.000000000000006e+01
DUMP_RHO_OUT[0]=9.002679111247247e-02
DUMP_RHO_OUT[1]=8.988995763773647e-02
DUMP_RHO_OUT[2]=8.990495247414698e-02
DUMP_RHO_OUT[3]=9.007867827336902e-02
DUMP_RHO_OUT[4]=9.029027467796122e-02
DUMP_RHO_OUT[5]=9.039059233634297e-02
DUMP_RHO_OUT[6]=9.032356819057051e-02
DUMP_RHO_OUT[7]=9.015497637686541e-02
DUMP_RHO_OUT[8]=8.999807104400610e-02
DUMP_RHO_OUT[9]=8.992968675294495e-02
DUMP_EBAND=2.237692167741942e+01
SCF iter   1: Etot =      22.3598548392 Ha, SCF error =  1.000e+00, Ef =    1.01138
DUMP_SCF_ITER=1 PASS=0
DUMP_EIGVALS -5.0111303568e-01 -1.6382981280e-01 -1.6330142091e-01 -1.6284420440e-01 -1.6153949205e-01 -1.6079826230e-01 -1.5997935123e-01 1.7390565730e-01 1.7425591399e-01 1.7487462001e-01 1.7644330198e-01 1.7660914302e-01 1.7685870112e-01 1.7737036556e-01 1.7755235851e-01 1.7800575956e-01 1.7865419846e-01 1.7950269599e-01 1.8020690482e-01 5.1207195573e-01 5.1451145223e-01 5.1494787664e-01 5.1536897444e-01 5.1705591917e-01 5.1762282186e-01 5.1770731186e-01 5.1961627404e-01 8.5484049845e-01 8.5530279522e-01
DUMP_EFERMI=5.096065279264168e-01
DUMP_OCC 1.0000000000e+00 1.0000000000e+00 1.0000000000e+00 1.0000000000e+00 1.0000000000e+00 1.0000000000e+00 1.0000000000e+00 1.0000000000e+00 1.0000000000e+00 1.0000000000e+00 1.0000000000e+00 1.0000000000e+00 1.0000000000e+00 1.0000000000e+00 1.0000000000e+00 1.0000000000e+00 1.0000000000e+00 1.0000000000e+00 1.0000000000e+00 3.1761388546e-01 1.7264263048e-01 1.5203425199e-01 1.3376413521e-01 7.5876972083e-02 6.1482943090e-02 5.9533653246e-02 2.7051528432e-02 0.0000000000e+00 0.0000000000e+00
DUMP_RHO_OUT sum=3.039206116858421e+02 sum*dV=4.000000000000006e+01
DUMP_RHO_OUT[0]=8.770956588117082e-02
DUMP_RHO_OUT[1]=8.856792728483320e-02
DUMP_RHO_OUT[2]=8.943744123841829e-02
DUMP_RHO_OUT[3]=8.973486401857855e-02
DUMP_RHO_OUT[4]=8.924329889640634e-02
DUMP_RHO_OUT[5]=8.826589264152397e-02
DUMP_RHO_OUT[6]=8.742940397252333e-02
DUMP_RHO_OUT[7]=8.726875953995288e-02
DUMP_RHO_OUT[8]=8.787508249420986e-02
DUMP_RHO_OUT[9]=8.883822374108102e-02
DUMP_EBAND=2.330928898838827e+00
SCF iter   2: Etot =       7.0171549618 Ha, SCF error =  4.483e-02, Ef =    0.50961
DUMP_SCF_ITER=2 PASS=0
DUMP_EIGVALS -5.0112263867e-01 -1.6277814937e-01 -1.6243698465e-01 -1.6219675113e-01 -1.6211346028e-01 -1.6166650979e-01 -1.6116636370e-01 1.7590503734e-01 1.7605484054e-01 1.7645502613e-01 1.7666166418e-01 1.7681724962e-01 1.7696289660e-01 1.7708064920e-01 1.7711769513e-01 1.7744593033e-01 1.7761721082e-01 1.7773841684e-01 1.7821007616e-01 5.1477035570e-01 5.1563088080e-01 5.1577753971e-01 5.1591396497e-01 5.1624644763e-01 5.1644623324e-01 5.1661200946e-01 5.1714982367e-01 8.5491002247e-01 8.5522660567e-01
DUMP_EFERMI=5.100397055214586e-01
DUMP_OCC 1.0000000000e+00 1.0000000000e+00 1.0000000000e+00 1.0000000000e+00 1.0000000000e+00 1.0000000000e+00 1.0000000000e+00 1.0000000000e+00 1.0000000000e+00 1.0000000000e+00 1.0000000000e+00 1.0000000000e+00 1.0000000000e+00 1.0000000000e+00 1.0000000000e+00 1.0000000000e+00 1.0000000000e+00 1.0000000000e+00 1.0000000000e+00 1.8134769110e-01 1.4100438576e-01 1.3478856368e-01 1.2917766065e-01 1.1618791776e-01 1.0884337266e-01 1.0300734491e-01 8.5643063464e-02 0.0000000000e+00 0.0000000000e+00
DUMP_RHO_OUT sum=3.039206116858454e+02 sum*dV=4.000000000000048e+01
DUMP_RHO_OUT[0]=8.956397345288920e-02
DUMP_RHO_OUT[1]=8.978720682721335e-02
DUMP_RHO_OUT[2]=8.992768013964504e-02
DUMP_RHO_OUT[3]=8.988495533780061e-02
DUMP_RHO_OUT[4]=8.967488625250079e-02
DUMP_RHO_OUT[5]=8.942214403309885e-02
DUMP_RHO_OUT[6]=8.927937393432249e-02
DUMP_RHO_OUT[7]=8.932772792865074e-02
DUMP_RHO_OUT[8]=8.952561844276440e-02
DUMP_RHO_OUT[9]=8.973851295645614e-02
DUMP_EBAND=2.333016830954863e+00
SCF iter   3: Etot =       7.0195186360 Ha, SCF error =  1.916e-02, Ef =    0.51004
SCF iter   4: Etot =       7.0198648509 Ha, SCF error =  8.428e-03, Ef =    0.51008
SCF iter   5: Etot =       7.0199229264 Ha, SCF error =  1.885e-03, Ef =    0.51008
SCF iter   6: Etot =       7.0199255058 Ha, SCF error =  6.560e-04, Ef =    0.51008
SCF iter   7: Etot =       7.0199255178 Ha, SCF error =  2.016e-04, Ef =    0.51008
SCF iter   8: Etot =       7.0199255385 Ha, SCF error =  5.106e-05, Ef =    0.51008
SCF iter   9: Etot =       7.0199255422 Ha, SCF error =  9.707e-06, Ef =    0.51008
SCF iter  10: Etot =       7.0199255425 Ha, SCF error =  2.120e-06, Ef =    0.51008
SCF iter  11: Etot =       7.0199255425 Ha, SCF error =  4.085e-07, Ef =    0.51008

Final eigenvalues (Ha) and occupations:
    1   -5.011303910016e-01    1.000000000000
    2   -1.620672011451e-01    1.000000000000
    3   -1.620671931654e-01    1.000000000000
    4   -1.620671898007e-01    1.000000000000
    5   -1.620671850096e-01    1.000000000000
    6   -1.620671733694e-01    1.000000000000
    7   -1.620671635631e-01    1.000000000000
    8    1.769959972066e-01    1.000000000000
    9    1.769960018175e-01    1.000000000000
   10    1.769960102851e-01    1.000000000000
   11    1.769960114463e-01    1.000000000000
   12    1.769960136505e-01    1.000000000000
   13    1.769960191620e-01    1.000000000000
   14    1.769960229814e-01    1.000000000000
   15    1.769960276478e-01    1.000000000000
   16    1.769960322068e-01    1.000000000000
   17    1.769960332202e-01    1.000000000000
   18    1.769960441279e-01    1.000000000000
   19    1.769960540544e-01    1.000000000000
   20    5.160592046391e-01    0.125000963985
   21    5.160592157582e-01    0.125000523568
   22    5.160592170574e-01    0.125000472108
   23    5.160592198798e-01    0.125000360314
   24    5.160592344328e-01    0.124999783884
   25    5.160592383359e-01    0.124999629287
   26    5.160592395158e-01    0.124999582550
   27    5.160592621938e-01    0.124998684304
   28    8.551209570350e-01    0.000000000000
   29    8.551209599784e-01    0.000000000000
SCF converged after 11 iterations.
DEBUG_OURS: b_2norm=0.0000000006 b_min=-0.0000000000 b_max=0.0000000003
DEBUG_OURS: phi_2norm=0.0000050941 phi_min=-0.0000002217 phi_max=0.0000003180
DEBUG_OURS: rho_2norm=5.2314643006 rho_sum=303.9206116858
DEBUG_OURS: rho[0]=9.0050580514e-02 rho[100]=9.0050558739e-02 rho[1000]=9.0050547446e-02
DEBUG_OURS: b[0]=0.0000000000e+00 b[100]=-1.8308617155e-16 b[1000]=1.2999041947e-15
DEBUG_OURS: phi[0]=1.3309101074e-07 phi[100]=2.1127292601e-08 phi[1000]=-1.0317826986e-07

===== SCF CONVERGED =====
  Eband   =       2.3329559995 Ha
  Exc     =     -15.3411285037 Ha
  Ehart   =       0.0000000000 Ha
  Eself   =      -0.0000000000 Ha
  Ec      =       0.0000000000 Ha
  Entropy =      -0.0171175933 Ha
  Etotal  =       7.0199255425 Ha
  Eatom   =       1.4039851085 Ha/atom
  Ef      =       0.5100807024 Ha
Density written to /home/xx/Desktop/SPARC/web/jobs/97877069/electron_density.bin

Local forces (Ha/Bohr):
  Atom   1:   0.0000000000   0.0000000000   0.0000000000
  Atom   2:   0.0000000000   0.0000000000  -0.0000000000
  Atom   3:   0.0000000000   0.0000000000   0.0000000000
  Atom   4:   0.0000000000   0.0000000000   0.0000000000
  Atom   5:   0.0000000000  -0.0000000000  -0.0000000000

Nonlocal forces (Ha/Bohr):
  Atom   1:   0.0000000000   0.0000000000   0.0000000000
  Atom   2:   0.0000000000   0.0000000000   0.0000000000
  Atom   3:   0.0000000000   0.0000000000   0.0000000000
  Atom   4:   0.0000000000   0.0000000000   0.0000000000
  Atom   5:   0.0000000000   0.0000000000   0.0000000000

NLCC XC forces (Ha/Bohr):
  Atom   1:   0.0000000000   0.0000000000   0.0000000000
  Atom   2:   0.0000000000   0.0000000000   0.0000000000
  Atom   3:   0.0000000000   0.0000000000   0.0000000000
  Atom   4:   0.0000000000   0.0000000000   0.0000000000
  Atom   5:  -0.0000000000   0.0000000000   0.0000000000

Total forces (Ha/Bohr):
  Atom   1:  -0.0000000000   0.0000000000   0.0000000000
  Atom   2:  -0.0000000000   0.0000000000   0.0000000000
  Atom   3:  -0.0000000000   0.0000000000   0.0000000000
  Atom   4:  -0.0000000000   0.0000000000   0.0000000000
  Atom   5:   0.0000000000  -0.0000000000  -0.0000000000

Stress tensor (GPa):
  σ_xx =    -676.564809  σ_xy =       0.000000  σ_xz =      -0.000000
  σ_yy =    -676.564809  σ_yz =       0.000000  σ_zz =    -676.564809

Pressure: 676.564809 GPa

LYNX calculation complete.