====================================================
              LYNX C++ (Phase 1)
====================================================

Lattice vectors (Bohr):
     20.000000     0.000000     0.000000
      0.000000    20.000000     0.000000
      0.000000     0.000000    20.000000

Lattice lengths: 20.000000  20.000000  20.000000 Bohr
Cell volume:     8000.000000 Bohr^3
Cell type:       Orthogonal

Grid: 30 x 30 x 30 = 27000
Mesh spacing: dx=0.689655  dy=0.689655  dz=0.689655 Bohr
FD order: 12

Atom types: 2, Total atoms: 3
  O: 1 atoms
  H: 2 atoms

Nstates: 8
K-points: 1 x 1 x 1
SCF tolerance: 1.0e-06
Max SCF iterations: 100
====================================================
K-points: 1x1x1 grid, 1 full -> 1 symmetry-reduced (gamma-only)
  k[ 0]:   0.0000   0.0000   0.0000  wt=1.000

Parallelization: 1 procs, domain [0:29]x[0:29]x[0:29] = 27000 pts
  npspin=1, npkpt=1, npband=1
  This rank: spin_start=0 Nspin_local=1 kpt_start=0 Nkpts_local=1 band_start=0 Nband_local=8
Atoms: 3 total, 8 electrons, 2 types
Atom influence computed (rc_max = 11.5072 Bohr, 0 entries)
Computing pseudocharge...
  pschg: type=0, 0 images, Znucl=6.0
  pschg: type=1, 0 images, Znucl=1.0
  pschg loop done in 0.0 ms
Pseudocharge: int(b) = 0.000000 (expected: -8.0)
Eself = 0.000000, Ec = 0.000000, Esc = 0.000000 Ha
DEBUG_PSCHG: b_2norm=0.0000000000 b_min=0.0000000000 b_max=0.0000000000
Nonlocal projectors: 0 total
Atomic density: max=0.0000, int*dV=0.000000 (expected 8)
NLCC: core charge integral = 0.000000

===== Starting SCF =====
GPU SCF enabled — dispatching to fully GPU-resident path (Nspin=1, kpt=0)
GPUSCF init: Vxc_sum=-1.047785e+00 phi_sum=0.000000e+00 Veff_sum=-1.047785e+00 exc_sum=-7.843251e-01
GPUSCF init: Veff[0]=-3.827310114008135e-05 Veff[100]=-3.827874979876012e-05 Veff[1000]=-3.825377839896756e-05
Lanczos: eigmin=-6.234432e-02, eigmax=2.239192e+01, lambda_cutoff=1.116479e+01
Chebyshev degree: 14 (h_eff=0.689655)

--- GPU SCF Loop (Nspin=1, Nkpts=1, gamma) ---
SCF iter   1: Etot =       0.3369200333 Ha, SCF error =  1.000e+00
SCF iter   2: Etot =      -0.4151398331 Ha, SCF error =  6.146e-01
SCF iter   3: Etot =      -0.4717386902 Ha, SCF error =  7.350e-01
SCF iter   4: Etot =      -0.4593934938 Ha, SCF error =  8.683e-01
SCF iter   5: Etot =      -0.4942059679 Ha, SCF error =  8.104e-01
SCF iter   6: Etot =      -0.4911288628 Ha, SCF error =  7.179e-01
SCF iter   7: Etot =      -0.4930455949 Ha, SCF error =  6.656e-01
SCF iter   8: Etot =      -0.4806735612 Ha, SCF error =  6.746e-01
SCF iter   9: Etot =      -0.4836159940 Ha, SCF error =  6.915e-01
SCF iter  10: Etot =      -0.4764742681 Ha, SCF error =  6.482e-01
SCF iter  11: Etot =      -0.4828588317 Ha, SCF error =  5.929e-01
SCF iter  12: Etot =      -0.4864868768 Ha, SCF error =  5.759e-01
SCF iter  13: Etot =      -0.4880106852 Ha, SCF error =  5.968e-01
SCF iter  14: Etot =      -0.4878736359 Ha, SCF error =  5.973e-01
SCF iter  15: Etot =      -0.4855704866 Ha, SCF error =  6.134e-01
SCF iter  16: Etot =      -0.4785740219 Ha, SCF error =  5.286e-01
SCF iter  17: Etot =      -0.4794566661 Ha, SCF error =  4.783e-01
SCF iter  18: Etot =      -0.4793986638 Ha, SCF error =  4.510e-01
SCF iter  19: Etot =      -0.4792616524 Ha, SCF error =  3.655e-01
SCF iter  20: Etot =      -0.4827071972 Ha, SCF error =  2.727e-01
SCF iter  21: Etot =      -0.4916158578 Ha, SCF error =  2.860e-01
SCF iter  22: Etot =      -0.4917480050 Ha, SCF error =  3.081e-01
SCF iter  23: Etot =      -0.4921521203 Ha, SCF error =  2.972e-01
SCF iter  24: Etot =      -0.4915386368 Ha, SCF error =  2.293e-01
SCF iter  25: Etot =      -0.4911147761 Ha, SCF error =  1.631e-01
SCF iter  26: Etot =      -0.4913016266 Ha, SCF error =  1.322e-01
SCF iter  27: Etot =      -0.4921510817 Ha, SCF error =  1.020e-01
SCF iter  28: Etot =      -0.4924633665 Ha, SCF error =  7.897e-02
SCF iter  29: Etot =      -0.4928116701 Ha, SCF error =  5.809e-02
SCF iter  30: Etot =      -0.4930672658 Ha, SCF error =  4.978e-02
SCF iter  31: Etot =      -0.4930371532 Ha, SCF error =  3.775e-02
SCF iter  32: Etot =      -0.4930592610 Ha, SCF error =  3.110e-02
SCF iter  33: Etot =      -0.4930818069 Ha, SCF error =  2.806e-02
SCF iter  34: Etot =      -0.4931682732 Ha, SCF error =  1.836e-02
SCF iter  35: Etot =      -0.4931390977 Ha, SCF error =  1.648e-02
SCF iter  36: Etot =      -0.4931464572 Ha, SCF error =  1.530e-02
SCF iter  37: Etot =      -0.4931659982 Ha, SCF error =  1.354e-02
SCF iter  38: Etot =      -0.4931793251 Ha, SCF error =  1.281e-02
SCF iter  39: Etot =      -0.4931830026 Ha, SCF error =  1.204e-02
SCF iter  40: Etot =      -0.4931940152 Ha, SCF error =  1.119e-02
SCF iter  41: Etot =      -0.4932286576 Ha, SCF error =  1.009e-02
SCF iter  42: Etot =      -0.4932156968 Ha, SCF error =  9.082e-03
SCF iter  43: Etot =      -0.4932216289 Ha, SCF error =  7.821e-03
SCF iter  44: Etot =      -0.4932260713 Ha, SCF error =  6.101e-03
SCF iter  45: Etot =      -0.4932235332 Ha, SCF error =  5.323e-03
SCF iter  46: Etot =      -0.4932291655 Ha, SCF error =  4.064e-03
SCF iter  47: Etot =      -0.4932124193 Ha, SCF error =  2.523e-03
SCF iter  48: Etot =      -0.4932303024 Ha, SCF error =  1.671e-03
SCF iter  49: Etot =      -0.4932357320 Ha, SCF error =  1.389e-03
SCF iter  50: Etot =      -0.4932359174 Ha, SCF error =  1.145e-03
SCF iter  51: Etot =      -0.4932357171 Ha, SCF error =  8.815e-04
SCF iter  52: Etot =      -0.4932362205 Ha, SCF error =  6.862e-04
SCF iter  53: Etot =      -0.4932357766 Ha, SCF error =  6.190e-04
SCF iter  54: Etot =      -0.4932362085 Ha, SCF error =  4.757e-04
SCF iter  55: Etot =      -0.4932362696 Ha, SCF error =  3.830e-04
SCF iter  56: Etot =      -0.4932362976 Ha, SCF error =  3.770e-04
SCF iter  57: Etot =      -0.4932362968 Ha, SCF error =  3.675e-04
SCF iter  58: Etot =      -0.4932362714 Ha, SCF error =  3.399e-04
SCF iter  59: Etot =      -0.4932363006 Ha, SCF error =  3.144e-04
SCF iter  60: Etot =      -0.4932363121 Ha, SCF error =  2.836e-04
SCF iter  61: Etot =      -0.4932363032 Ha, SCF error =  2.637e-04
SCF iter  62: Etot =      -0.4932363292 Ha, SCF error =  2.068e-04
SCF iter  63: Etot =      -0.4932363308 Ha, SCF error =  1.464e-04
SCF iter  64: Etot =      -0.4932363301 Ha, SCF error =  9.001e-05
SCF iter  65: Etot =      -0.4932363317 Ha, SCF error =  6.867e-05
SCF iter  66: Etot =      -0.4932363305 Ha, SCF error =  5.281e-05
SCF iter  67: Etot =      -0.4932363346 Ha, SCF error =  4.175e-05
SCF iter  68: Etot =      -0.4932363347 Ha, SCF error =  3.373e-05
SCF iter  69: Etot =      -0.4932363344 Ha, SCF error =  2.105e-05
SCF iter  70: Etot =      -0.4932363347 Ha, SCF error =  2.032e-05
SCF iter  71: Etot =      -0.4932363345 Ha, SCF error =  1.519e-05
SCF iter  72: Etot =      -0.4932363346 Ha, SCF error =  1.167e-05
SCF iter  73: Etot =      -0.4932363345 Ha, SCF error =  6.040e-06
SCF iter  74: Etot =      -0.4932363346 Ha, SCF error =  6.023e-06
SCF iter  75: Etot =      -0.4932363347 Ha, SCF error =  5.713e-06
SCF iter  76: Etot =      -0.4932363347 Ha, SCF error =  5.271e-06
SCF iter  77: Etot =      -0.4932363347 Ha, SCF error =  5.334e-06
SCF iter  78: Etot =      -0.4932363347 Ha, SCF error =  5.444e-06
SCF iter  79: Etot =      -0.4932363347 Ha, SCF error =  5.387e-06
SCF iter  80: Etot =      -0.4932363347 Ha, SCF error =  5.425e-06
SCF iter  81: Etot =      -0.4932363347 Ha, SCF error =  5.386e-06
SCF iter  82: Etot =      -0.4932363347 Ha, SCF error =  5.273e-06
SCF iter  83: Etot =      -0.4932363347 Ha, SCF error =  5.174e-06
SCF iter  84: Etot =      -0.4932363347 Ha, SCF error =  5.096e-06
SCF iter  85: Etot =      -0.4932363347 Ha, SCF error =  5.029e-06
SCF iter  86: Etot =      -0.4932363347 Ha, SCF error =  4.970e-06
SCF iter  87: Etot =      -0.4932363347 Ha, SCF error =  4.920e-06
SCF iter  88: Etot =      -0.4932363347 Ha, SCF error =  4.874e-06
SCF iter  89: Etot =      -0.4932363347 Ha, SCF error =  4.833e-06
SCF iter  90: Etot =      -0.4932363347 Ha, SCF error =  4.795e-06
SCF iter  91: Etot =      -0.4932363347 Ha, SCF error =  4.760e-06
SCF iter  92: Etot =      -0.4932363347 Ha, SCF error =  4.727e-06
SCF iter  93: Etot =      -0.4932363347 Ha, SCF error =  4.696e-06
SCF iter  94: Etot =      -0.4932363347 Ha, SCF error =  4.666e-06
SCF iter  95: Etot =      -0.4932363347 Ha, SCF error =  4.637e-06
SCF iter  96: Etot =      -0.4932363347 Ha, SCF error =  4.609e-06
SCF iter  97: Etot =      -0.4932363347 Ha, SCF error =  4.581e-06
SCF iter  98: Etot =      -0.4932363347 Ha, SCF error =  4.554e-06
SCF iter  99: Etot =      -0.4932363347 Ha, SCF error =  4.526e-06
SCF iter 100: Etot =      -0.4932363347 Ha, SCF error =  4.500e-06
WARNING: GPU SCF did not converge within 100 iterations.
DEBUG_OURS: b_2norm=0.0000000000 b_min=0.0000000000 b_max=0.0000000000
DEBUG_OURS: phi_2norm=0.6161096676 phi_min=-0.0091154178 phi_max=0.0090841300
DEBUG_OURS: rho_2norm=0.1495246685 rho_sum=24.3890000000
DEBUG_OURS: rho[0]=9.7815453916e-04 rho[100]=9.2746507290e-04 rho[1000]=8.9023825853e-04
DEBUG_OURS: b[0]=0.0000000000e+00 b[100]=0.0000000000e+00 b[1000]=0.0000000000e+00
DEBUG_OURS: phi[0]=2.5484239160e-03 phi[100]=8.1814558333e-04 phi[1000]=-4.4838131268e-04

===== SCF NOT CONVERGED =====
  Eband   =      -0.7181395364 Ha
  Exc     =      -0.7689117963 Ha
  Ehart   =       0.0018276113 Ha
  Eself   =       0.0000000000 Ha
  Ec      =       0.0000000000 Ha
  Entropy =      -0.0028521089 Ha
  Etotal  =      -0.4932363347 Ha
  Eatom   =      -0.1644121116 Ha/atom
  Ef      =      -0.0781461614 Ha
Density written to /home/xx/Desktop/SPARC/web/jobs/9c940a92/electron_density.bin

Local forces (Ha/Bohr):
  Atom   1:   0.0000000000   0.0000000000   0.0000000000
  Atom   2:   0.0000000000   0.0000000000   0.0000000000
  Atom   3:   0.0000000000   0.0000000000   0.0000000000

Nonlocal forces (Ha/Bohr):
  Atom   1:   0.0000000000   0.0000000000   0.0000000000
  Atom   2:   0.0000000000   0.0000000000   0.0000000000
  Atom   3:   0.0000000000   0.0000000000   0.0000000000

NLCC XC forces (Ha/Bohr):
  Atom   1:   0.0000000000   0.0000000000   0.0000000000
  Atom   2:   0.0000000000   0.0000000000   0.0000000000
  Atom   3:   0.0000000000   0.0000000000   0.0000000000

Total forces (Ha/Bohr):
  Atom   1:   0.0000000000   0.0000000000   0.0000000000
  Atom   2:   0.0000000000   0.0000000000   0.0000000000
  Atom   3:   0.0000000000   0.0000000000   0.0000000000

Stress tensor (GPa):
  σ_xx =  -14593.009205  σ_xy =       0.002892  σ_xz =      -0.002480
  σ_yy =  -13799.953600  σ_yz =      -0.002597  σ_zz =  -14876.513449

Pressure: 14423.158751 GPa

LYNX calculation complete.