====================================================
              LYNX C++ (Phase 1)
====================================================

Lattice vectors (Bohr):
      7.630000     0.000000     0.000000
      0.000000     7.630000     0.000000
      0.000000     0.000000     7.630000

Lattice lengths: 7.630000  7.630000  7.630000 Bohr
Cell volume:     444.194947 Bohr^3
Cell type:       Orthogonal

Grid: 30 x 30 x 30 = 27000
Mesh spacing: dx=0.254333  dy=0.254333  dz=0.254333 Bohr
FD order: 12

Atom types: 3, Total atoms: 5
  Ba: 1 atoms
  Ti: 1 atoms
  O: 3 atoms

Nstates: 29
K-points: 1 x 1 x 1
SCF tolerance: 1.0e-06
Max SCF iterations: 100
====================================================
K-points: 1x1x1 grid, 1 full -> 1 symmetry-reduced (gamma-only)
  k[ 0]:   0.0000   0.0000   0.0000  wt=1.000

Parallelization: 1 procs, domain [0:29]x[0:29]x[0:29] = 27000 pts
  npspin=1, npkpt=1, npband=1
  This rank: spin_start=0 Nspin_local=1 kpt_start=0 Nkpts_local=1 band_start=0 Nband_local=29
Atoms: 5 total, 40 electrons, 3 types
Atom influence computed (rc_max = 8.0247 Bohr, 4 entries)
Computing pseudocharge...
  pschg: type=0, 0 images, Znucl=10.0
  pschg: type=1, 1 images, Znucl=12.0
    img 0/1: box=[21:29,25:29,12:29] ext=21x17x30=10710
  pschg: type=2, 3 images, Znucl=6.0
    img 0/3: box=[17:29,18:29,0:7] ext=25x24x20=12000
  pschg loop done in 3.4 ms
Pseudocharge: int(b) = 0.000000 (expected: -40.0)
Eself = 0.000000, Ec = 0.000000, Esc = 0.000000 Ha
DEBUG_PSCHG: b_2norm=0.0000000000 b_min=-0.0000000000 b_max=0.0000000000
Nonlocal projectors: 0 total
Atomic density: max=0.0000, int*dV=0.000000 (expected 40)
NLCC: core charge integral = 0.000000

===== Starting SCF =====
Auto Chebyshev degree: 29 (h_eff=0.254333)
DUMP_INIT_RHO sum=0.000000000000000e+00 sum*dV=0.000000000000000e+00 rho[0]=0.000000000000000e+00 rho[6143]=0.000000000000000e+00
DUMP_PSEUDOCHARGE sum=0.000000000000000e+00 b[0]=0.000000000000000e+00 b[6143]=5.381708533674923e-17
DUMP_INIT_PHI min=-3.279069300082902e-15 max=9.112422789829992e-15 phi[0]=7.357979388073024e-16
DUMP_INIT_VXC sum=-1.103089585790577e+00 Vxc[0]=-4.085516984411055e-05
DUMP_INIT_VEFF sum=-1.103089585790978e+00 Veff[0]=-4.085516984337475e-05
DUMP_VEFF[0]=-4.085516984337475e-05
DUMP_VEFF[1]=-4.085516984396644e-05
DUMP_VEFF[2]=-4.085516984450407e-05
DUMP_VEFF[3]=-4.085516984497464e-05
DUMP_VEFF[4]=-4.085516984537057e-05
DUMP_VEFF[5]=-4.085516984568713e-05
DUMP_VEFF[6]=-4.085516984592161e-05
DUMP_VEFF[7]=-4.085516984607252e-05
DUMP_VEFF[8]=-4.085516984613903e-05
DUMP_VEFF[9]=-4.085516984612065e-05
DUMP_PHI[0]=7.357979388073024e-16
DUMP_PHI[1]=1.441087921779149e-16
DUMP_PHI[2]=-3.935194397723546e-16
DUMP_PHI[3]=-8.640879412877457e-16
DUMP_PHI[4]=-1.260020598298055e-15
DUMP_PHI[5]=-1.576577362789108e-15
DUMP_PHI[6]=-1.811054853572109e-15
DUMP_PHI[7]=-1.961962838659692e-15
DUMP_PHI[8]=-2.028475062413771e-15
DUMP_PHI[9]=-2.010097590956839e-15
DUMP_RHO[0]=0.000000000000000e+00
DUMP_RHO[1]=0.000000000000000e+00
DUMP_RHO[2]=0.000000000000000e+00
DUMP_RHO[3]=0.000000000000000e+00
DUMP_RHO[4]=0.000000000000000e+00
DUMP_RHO[5]=0.000000000000000e+00
DUMP_RHO[6]=0.000000000000000e+00
DUMP_RHO[7]=0.000000000000000e+00
DUMP_RHO[8]=0.000000000000000e+00
DUMP_RHO[9]=0.000000000000000e+00
DUMP_B[0]=0.000000000000000e+00
DUMP_B[1]=0.000000000000000e+00
DUMP_B[2]=0.000000000000000e+00
DUMP_B[3]=0.000000000000000e+00
DUMP_B[4]=0.000000000000000e+00
DUMP_B[5]=0.000000000000000e+00
DUMP_B[6]=0.000000000000000e+00
DUMP_B[7]=0.000000000000000e+00
DUMP_B[8]=0.000000000000000e+00
DUMP_B[9]=0.000000000000000e+00
Lanczos bounds (spin 0): eigmin=-1.000251e-01, eigmax=1.656363e+02
Chebyshev degree: 29
SCF iter 1: 4 CheFSI passes (rhoTrigger)
DUMP_SCF_ITER=0 PASS=0
DUMP_EIGVALS 1.7172416231e+00 1.9374176563e+00 1.9914219428e+00 2.1195568229e+00 2.1800272467e+00 2.3028081008e+00 2.3832854309e+00 2.4477246102e+00 2.5652690536e+00 2.6839990396e+00 2.7837859216e+00 2.9091146057e+00 2.9606179715e+00 3.0690881822e+00 3.1811807023e+00 3.2189378988e+00 3.2756573792e+00 3.4026134343e+00 3.4786863294e+00 3.5250172340e+00 3.5467840473e+00 3.6478048303e+00 3.7102142804e+00 3.8072658761e+00 3.8840877032e+00 3.9613813150e+00 4.0637555382e+00 4.1740469397e+00 4.3088839479e+00
DUMP_EFERMI=3.535900640634417e+00
DUMP_OCC 1.0000000000e+00 1.0000000000e+00 1.0000000000e+00 1.0000000000e+00 1.0000000000e+00 1.0000000000e+00 1.0000000000e+00 1.0000000000e+00 1.0000000000e+00 1.0000000000e+00 1.0000000000e+00 1.0000000000e+00 1.0000000000e+00 1.0000000000e+00 1.0000000000e+00 1.0000000000e+00 1.0000000000e+00 1.0000000000e+00 1.0000000000e+00 9.8187511561e-01 1.8124884389e-02 3.9146402656e-103 6.2339639437e-247 0.0000000000e+00 0.0000000000e+00 0.0000000000e+00 0.0000000000e+00 0.0000000000e+00 0.0000000000e+00
DUMP_SCF_ITER=0 PASS=1
DUMP_EIGVALS 3.8723522635e-02 3.6450047491e-01 3.6999417413e-01 3.7848593907e-01 4.1511231265e-01 4.4062710658e-01 4.9931866138e-01 7.0431988913e-01 7.0600391864e-01 7.2249447395e-01 7.4314441669e-01 7.5040103447e-01 7.9165117908e-01 7.9236866936e-01 8.3880144622e-01 8.5951107043e-01 9.1025918801e-01 9.8853673898e-01 1.0798885653e+00 1.1367770518e+00 1.1894824487e+00 1.2459756602e+00 1.2973727029e+00 1.3347301542e+00 1.4107696622e+00 1.5116967376e+00 1.6433172999e+00 1.6824830109e+00 1.7573776981e+00
DUMP_EFERMI=1.163129750217448e+00
DUMP_OCC 1.0000000000e+00 1.0000000000e+00 1.0000000000e+00 1.0000000000e+00 1.0000000000e+00 1.0000000000e+00 1.0000000000e+00 1.0000000000e+00 1.0000000000e+00 1.0000000000e+00 1.0000000000e+00 1.0000000000e+00 1.0000000000e+00 1.0000000000e+00 1.0000000000e+00 1.0000000000e+00 1.0000000000e+00 1.0000000000e+00 1.0000000000e+00 9.9999980173e-01 1.9826544568e-07 1.6538433829e-57 2.0328812293e-147 2.2230390208e-239 0.0000000000e+00 0.0000000000e+00 0.0000000000e+00 0.0000000000e+00 0.0000000000e+00
DUMP_SCF_ITER=0 PASS=2
DUMP_EIGVALS 2.5909973419e-05 3.3906448765e-01 3.3909344463e-01 3.3926702883e-01 3.3931941146e-01 3.3970124768e-01 3.4105973388e-01 6.7813016561e-01 6.7816693956e-01 6.7820693811e-01 6.7826133274e-01 6.7840982867e-01 6.7855480902e-01 6.7861687060e-01 6.7914216735e-01 6.8107081209e-01 6.8317109861e-01 6.8889528021e-01 6.9495876284e-01 1.0181829928e+00 1.0195223064e+00 1.0204251660e+00 1.0220766347e+00 1.0241400943e+00 1.0339679927e+00 1.0565034813e+00 1.1021412237e+00 1.3966294686e+00 1.4243983430e+00
DUMP_EFERMI=1.016146510361032e+00
DUMP_OCC 1.0000000000e+00 1.0000000000e+00 1.0000000000e+00 1.0000000000e+00 1.0000000000e+00 1.0000000000e+00 1.0000000000e+00 1.0000000000e+00 1.0000000000e+00 1.0000000000e+00 1.0000000000e+00 1.0000000000e+00 1.0000000000e+00 1.0000000000e+00 1.0000000000e+00 1.0000000000e+00 1.0000000000e+00 1.0000000000e+00 1.0000000000e+00 3.4758571602e-01 2.5799185090e-01 2.0517688840e-01 1.2692744322e-01 6.2015301875e-02 3.0279959135e-04 4.0749536986e-15 8.4777687908e-62 0.0000000000e+00 0.0000000000e+00
DUMP_SCF_ITER=0 PASS=3
DUMP_EIGVALS -4.0838884702e-05 3.3902235258e-01 3.3902235739e-01 3.3902257416e-01 3.3902298017e-01 3.3902343746e-01 3.3902700480e-01 6.7808556317e-01 6.7808556656e-01 6.7808556997e-01 6.7808557662e-01 6.7808558911e-01 6.7808560793e-01 6.7808563060e-01 6.7808584936e-01 6.7810457087e-01 6.7811707116e-01 6.7821240994e-01 6.7823110836e-01 1.0171494648e+00 1.0171504712e+00 1.0171513902e+00 1.0171528049e+00 1.0173381104e+00 1.0180658691e+00 1.0186592384e+00 1.0234069162e+00 1.3566071850e+00 1.3569569692e+00
DUMP_EFERMI=1.011899413038372e+00
DUMP_OCC 1.0000000000e+00 1.0000000000e+00 1.0000000000e+00 1.0000000000e+00 1.0000000000e+00 1.0000000000e+00 1.0000000000e+00 1.0000000000e+00 1.0000000000e+00 1.0000000000e+00 1.0000000000e+00 1.0000000000e+00 1.0000000000e+00 1.0000000000e+00 1.0000000000e+00 1.0000000000e+00 1.0000000000e+00 1.0000000000e+00 1.0000000000e+00 1.5620429740e-01 1.5615792215e-01 1.5611558458e-01 1.5605042189e-01 1.4766998027e-01 1.1771056551e-01 9.6683690578e-02 1.3407537629e-02 0.0000000000e+00 0.0000000000e+00
DUMP_RHO_OUT sum=2.431364893486738e+03 sum*dV=4.000000000000008e+01
DUMP_RHO_OUT[0]=8.975120684011678e-02
DUMP_RHO_OUT[1]=9.000466743247036e-02
DUMP_RHO_OUT[2]=9.025775392629153e-02
DUMP_RHO_OUT[3]=9.048730238183229e-02
DUMP_RHO_OUT[4]=9.066890962064998e-02
DUMP_RHO_OUT[5]=9.077969202736044e-02
DUMP_RHO_OUT[6]=9.080334564238975e-02
DUMP_RHO_OUT[7]=9.073599507502199e-02
DUMP_RHO_OUT[8]=9.059048578551930e-02
DUMP_RHO_OUT[9]=9.039686329610365e-02
DUMP_EBAND=2.237793204066143e+01
SCF iter   1: Etot =      22.3613905473 Ha, SCF error =  1.000e+00, Ef =    1.01190
DUMP_SCF_ITER=1 PASS=0
DUMP_EIGVALS -5.0094674704e-01 -1.7076982944e-01 -1.6700148170e-01 -1.6397609518e-01 -1.5857641668e-01 -1.5652967545e-01 -1.5418945960e-01 1.6385377506e-01 1.6490367357e-01 1.7012922290e-01 1.7301488370e-01 1.7491118770e-01 1.7806353798e-01 1.7944522748e-01 1.7996148195e-01 1.8071543017e-01 1.8546334766e-01 1.8717110933e-01 1.8961671068e-01 5.0063384996e-01 5.0917809615e-01 5.1063720817e-01 5.1550357431e-01 5.1937423861e-01 5.2300474159e-01 5.2415523261e-01 5.3000515451e-01 8.5486118070e-01 8.5552239576e-01
DUMP_EFERMI=5.038872876107663e-01
DUMP_OCC 1.0000000000e+00 1.0000000000e+00 1.0000000000e+00 1.0000000000e+00 1.0000000000e+00 1.0000000000e+00 1.0000000000e+00 1.0000000000e+00 1.0000000000e+00 1.0000000000e+00 1.0000000000e+00 1.0000000000e+00 1.0000000000e+00 1.0000000000e+00 1.0000000000e+00 1.0000000000e+00 1.0000000000e+00 1.0000000000e+00 1.0000000000e+00 7.3434430385e-01 1.5433348254e-01 9.7010403921e-02 1.2704385152e-02 1.4417178822e-03 1.1732474332e-04 4.8130769128e-05 2.5115174533e-07 0.0000000000e+00 0.0000000000e+00
DUMP_RHO_OUT sum=2.431364893486711e+03 sum*dV=3.999999999999963e+01
DUMP_RHO_OUT[0]=8.861584580552109e-02
DUMP_RHO_OUT[1]=8.697223677499942e-02
DUMP_RHO_OUT[2]=8.568936340121057e-02
DUMP_RHO_OUT[3]=8.496389247815225e-02
DUMP_RHO_OUT[4]=8.489310580450921e-02
DUMP_RHO_OUT[5]=8.546267757014778e-02
DUMP_RHO_OUT[6]=8.655142476722344e-02
DUMP_RHO_OUT[7]=8.795194769034197e-02
DUMP_RHO_OUT[8]=8.940516815862996e-02
DUMP_RHO_OUT[9]=9.064485207110135e-02
DUMP_EBAND=2.316805038676141e+00
SCF iter   2: Etot =       6.9832631556 Ha, SCF error =  1.411e-01, Ef =    0.50389
DUMP_SCF_ITER=2 PASS=0
DUMP_EIGVALS -5.0106992979e-01 -1.6709975733e-01 -1.6472610543e-01 -1.6275238023e-01 -1.6041412757e-01 -1.5925501535e-01 -1.5771442164e-01 1.6977203748e-01 1.7056790469e-01 1.7366517834e-01 1.7471034064e-01 1.7551524579e-01 1.7764110472e-01 1.7827365695e-01 1.7885781014e-01 1.7896945227e-01 1.8106839688e-01 1.8229479792e-01 1.8369792105e-01 5.0762890394e-01 5.1236436942e-01 5.1321122456e-01 5.1619248212e-01 5.1745369426e-01 5.1957498730e-01 5.2016161503e-01 5.2271268973e-01 8.5486210801e-01 8.5531178062e-01
DUMP_EFERMI=5.079830360818653e-01
DUMP_OCC 1.0000000000e+00 1.0000000000e+00 1.0000000000e+00 1.0000000000e+00 1.0000000000e+00 1.0000000000e+00 1.0000000000e+00 1.0000000000e+00 1.0000000000e+00 1.0000000000e+00 1.0000000000e+00 1.0000000000e+00 1.0000000000e+00 1.0000000000e+00 1.0000000000e+00 1.0000000000e+00 1.0000000000e+00 1.0000000000e+00 1.0000000000e+00 5.2716283148e-01 1.9960644884e-01 1.5721399490e-01 5.7098280271e-02 3.4206048162e-02 1.2858851023e-02 9.5564060965e-03 2.2971392189e-03 0.0000000000e+00 0.0000000000e+00
DUMP_RHO_OUT sum=2.431364893486738e+03 sum*dV=4.000000000000008e+01
DUMP_RHO_OUT[0]=8.946048353120323e-02
DUMP_RHO_OUT[1]=8.783093064183616e-02
DUMP_RHO_OUT[2]=8.655341236012837e-02
DUMP_RHO_OUT[3]=8.582453672728541e-02
DUMP_RHO_OUT[4]=8.574454837981711e-02
DUMP_RHO_OUT[5]=8.630371148600155e-02
DUMP_RHO_OUT[6]=8.738591399660889e-02
DUMP_RHO_OUT[7]=8.878854544615054e-02
DUMP_RHO_OUT[8]=9.025619362187613e-02
DUMP_RHO_OUT[9]=9.152386630655422e-02
DUMP_EBAND=2.325173849597528e+00
SCF iter   3: Etot =       7.0079823449 Ha, SCF error =  8.840e-02, Ef =    0.50798
SCF iter   4: Etot =       7.0153791080 Ha, SCF error =  4.996e-02, Ef =    0.50910
SCF iter   5: Etot =       7.0182045956 Ha, SCF error =  3.249e-02, Ef =    0.50972
SCF iter   6: Etot =       7.0191786535 Ha, SCF error =  2.263e-02, Ef =    0.50994
SCF iter   7: Etot =       7.0199054293 Ha, SCF error =  3.959e-03, Ef =    0.51008
SCF iter   8: Etot =       7.0199172390 Ha, SCF error =  2.492e-03, Ef =    0.51008
SCF iter   9: Etot =       7.0199251136 Ha, SCF error =  7.339e-04, Ef =    0.51008
SCF iter  10: Etot =       7.0199255314 Ha, SCF error =  1.113e-04, Ef =    0.51008
SCF iter  11: Etot =       7.0199255440 Ha, SCF error =  6.642e-05, Ef =    0.51008
SCF iter  12: Etot =       7.0199255491 Ha, SCF error =  2.296e-05, Ef =    0.51008
SCF iter  13: Etot =       7.0199255498 Ha, SCF error =  1.455e-06, Ef =    0.51008
SCF iter  14: Etot =       7.0199255498 Ha, SCF error =  7.278e-07, Ef =    0.51008

Final eigenvalues (Ha) and occupations:
    1   -5.011303910016e-01    1.000000000000
    2   -1.620672313340e-01    1.000000000000
    3   -1.620672175712e-01    1.000000000000
    4   -1.620671986925e-01    1.000000000000
    5   -1.620671722364e-01    1.000000000000
    6   -1.620671585146e-01    1.000000000000
    7   -1.620671270443e-01    1.000000000000
    8    1.769959503700e-01    1.000000000000
    9    1.769959768934e-01    1.000000000000
   10    1.769959917268e-01    1.000000000000
   11    1.769959968445e-01    1.000000000000
   12    1.769960093566e-01    1.000000000000
   13    1.769960134261e-01    1.000000000000
   14    1.769960155938e-01    1.000000000000
   15    1.769960334776e-01    1.000000000000
   16    1.769960430875e-01    1.000000000000
   17    1.769960645877e-01    1.000000000000
   18    1.769960784221e-01    1.000000000000
   19    1.769960966616e-01    1.000000000000
   20    5.160591680787e-01    0.125002425194
   21    5.160592007542e-01    0.125001130939
   22    5.160592034574e-01    0.125001023865
   23    5.160592302456e-01    0.124999962807
   24    5.160592342524e-01    0.124999804103
   25    5.160592556172e-01    0.124998957870
   26    5.160592574206e-01    0.124998886439
   27    5.160592846282e-01    0.124997808783
   28    8.551224333051e-01    0.000000000000
   29    8.551224361148e-01    0.000000000000
SCF converged after 14 iterations.
DEBUG_OURS: b_2norm=0.0000000000 b_min=-0.0000000000 b_max=0.0000000000
DEBUG_OURS: phi_2norm=0.0000206470 phi_min=-0.0000003418 phi_max=0.0000004667
DEBUG_OURS: rho_2norm=14.7968155299 rho_sum=2431.3648934867
DEBUG_OURS: rho[0]=9.0050536880e-02 rho[100]=9.0050574208e-02 rho[1000]=9.0050572756e-02
DEBUG_OURS: b[0]=0.0000000000e+00 b[100]=0.0000000000e+00 b[1000]=0.0000000000e+00
DEBUG_OURS: phi[0]=2.5709954140e-08 phi[100]=1.0644644773e-07 phi[1000]=1.0744783792e-07

===== SCF CONVERGED =====
  Eband   =       2.3329560067 Ha
  Exc     =     -15.3411285037 Ha
  Ehart   =       0.0000000000 Ha
  Eself   =       0.0000000000 Ha
  Ec      =       0.0000000000 Ha
  Entropy =      -0.0171175933 Ha
  Etotal  =       7.0199255498 Ha
  Eatom   =       1.4039851100 Ha/atom
  Ef      =       0.5100807027 Ha
Density written to /home/xx/Desktop/SPARC/web/jobs/75977715/electron_density.bin

Local forces (Ha/Bohr):
  Atom   1:   0.0000000000   0.0000000000   0.0000000000
  Atom   2:  -0.0000000000   0.0000000000   0.0000000000
  Atom   3:   0.0000000000   0.0000000000   0.0000000000
  Atom   4:   0.0000000000   0.0000000000   0.0000000000
  Atom   5:  -0.0000000000   0.0000000000  -0.0000000000

Nonlocal forces (Ha/Bohr):
  Atom   1:   0.0000000000   0.0000000000   0.0000000000
  Atom   2:   0.0000000000   0.0000000000   0.0000000000
  Atom   3:   0.0000000000   0.0000000000   0.0000000000
  Atom   4:   0.0000000000   0.0000000000   0.0000000000
  Atom   5:   0.0000000000   0.0000000000   0.0000000000

NLCC XC forces (Ha/Bohr):
  Atom   1:   0.0000000000   0.0000000000   0.0000000000
  Atom   2:   0.0000000000   0.0000000000   0.0000000000
  Atom   3:   0.0000000000   0.0000000000   0.0000000000
  Atom   4:   0.0000000000   0.0000000000   0.0000000000
  Atom   5:   0.0000000000   0.0000000000   0.0000000000

Total forces (Ha/Bohr):
  Atom   1:   0.0000000000  -0.0000000000   0.0000000000
  Atom   2:  -0.0000000000   0.0000000000   0.0000000000
  Atom   3:   0.0000000000  -0.0000000000   0.0000000000
  Atom   4:   0.0000000000  -0.0000000000   0.0000000000
  Atom   5:  -0.0000000000   0.0000000000  -0.0000000000

Stress tensor (GPa):
  σ_xx =    -676.564813  σ_xy =      -0.000000  σ_xz =      -0.000000
  σ_yy =    -676.564813  σ_yz =      -0.000000  σ_zz =    -676.564813

Pressure: 676.564813 GPa

LYNX calculation complete.