====================================================
              LYNX C++ (Phase 1)
====================================================

Lattice vectors (Bohr):
     20.000000     0.000000     0.000000
      0.000000    20.000000     0.000000
      0.000000     0.000000    20.000000

Lattice lengths: 20.000000  20.000000  20.000000 Bohr
Cell volume:     8000.000000 Bohr^3
Cell type:       Orthogonal

Grid: 30 x 30 x 30 = 27000
Mesh spacing: dx=0.689655  dy=0.689655  dz=0.689655 Bohr
FD order: 12

Atom types: 2, Total atoms: 3
  O: 1 atoms
  H: 2 atoms

Nstates: 8
K-points: 1 x 1 x 1
SCF tolerance: 1.0e-06
Max SCF iterations: 100
====================================================
K-points: 1x1x1 grid, 1 full -> 1 symmetry-reduced (gamma-only)
  k[ 0]:   0.0000   0.0000   0.0000  wt=1.000

Parallelization: 1 procs, domain [0:29]x[0:29]x[0:29] = 27000 pts
  npspin=1, npkpt=1, npband=1
  This rank: spin_start=0 Nspin_local=1 kpt_start=0 Nkpts_local=1 band_start=0 Nband_local=8
Atoms: 3 total, 8 electrons, 2 types
Atom influence computed (rc_max = 11.5072 Bohr, 0 entries)
Computing pseudocharge...
  pschg: type=0, 0 images, Znucl=6.0
  pschg: type=1, 0 images, Znucl=1.0
  pschg loop done in 0.0 ms
Pseudocharge: int(b) = 0.000000 (expected: -8.0)
Eself = 0.000000, Ec = 0.000000, Esc = 0.000000 Ha
DEBUG_PSCHG: b_2norm=0.0000000000 b_min=0.0000000000 b_max=0.0000000000
Nonlocal projectors: 0 total
Atomic density: max=0.0000, int*dV=0.000000 (expected 8)
NLCC: core charge integral = 0.000000

===== Starting SCF =====
Auto Chebyshev degree: 14 (h_eff=0.689655)
DUMP_INIT_RHO sum=0.000000000000000e+00 sum*dV=0.000000000000000e+00 rho[0]=0.000000000000000e+00 rho[6143]=0.000000000000000e+00
DUMP_PSEUDOCHARGE sum=0.000000000000000e+00 b[0]=0.000000000000000e+00 b[6143]=0.000000000000000e+00
DUMP_INIT_PHI min=0.000000000000000e+00 max=0.000000000000000e+00 phi[0]=0.000000000000000e+00
DUMP_INIT_VXC sum=-1.047784501373819e+00 Vxc[0]=-3.827310114008135e-05
DUMP_INIT_VEFF sum=-1.047784501373819e+00 Veff[0]=-3.827310114008135e-05
DUMP_VEFF[0]=-3.827310114008135e-05
DUMP_VEFF[1]=-3.827310143232297e-05
DUMP_VEFF[2]=-3.827310110506387e-05
DUMP_VEFF[3]=-3.827310149808505e-05
DUMP_VEFF[4]=-3.827310130890311e-05
DUMP_VEFF[5]=-3.827310137986649e-05
DUMP_VEFF[6]=-3.827310135921692e-05
DUMP_VEFF[7]=-3.827310136400769e-05
DUMP_VEFF[8]=-3.827310136311306e-05
DUMP_VEFF[9]=-3.827310136324495e-05
DUMP_PHI[0]=0.000000000000000e+00
DUMP_PHI[1]=0.000000000000000e+00
DUMP_PHI[2]=0.000000000000000e+00
DUMP_PHI[3]=0.000000000000000e+00
DUMP_PHI[4]=0.000000000000000e+00
DUMP_PHI[5]=0.000000000000000e+00
DUMP_PHI[6]=0.000000000000000e+00
DUMP_PHI[7]=0.000000000000000e+00
DUMP_PHI[8]=0.000000000000000e+00
DUMP_PHI[9]=0.000000000000000e+00
DUMP_RHO[0]=0.000000000000000e+00
DUMP_RHO[1]=0.000000000000000e+00
DUMP_RHO[2]=0.000000000000000e+00
DUMP_RHO[3]=0.000000000000000e+00
DUMP_RHO[4]=0.000000000000000e+00
DUMP_RHO[5]=0.000000000000000e+00
DUMP_RHO[6]=0.000000000000000e+00
DUMP_RHO[7]=0.000000000000000e+00
DUMP_RHO[8]=0.000000000000000e+00
DUMP_RHO[9]=0.000000000000000e+00
DUMP_B[0]=0.000000000000000e+00
DUMP_B[1]=0.000000000000000e+00
DUMP_B[2]=0.000000000000000e+00
DUMP_B[3]=0.000000000000000e+00
DUMP_B[4]=0.000000000000000e+00
DUMP_B[5]=0.000000000000000e+00
DUMP_B[6]=0.000000000000000e+00
DUMP_B[7]=0.000000000000000e+00
DUMP_B[8]=0.000000000000000e+00
DUMP_B[9]=0.000000000000000e+00
Lanczos bounds (spin 0): eigmin=-6.234432e-02, eigmax=2.239192e+01
Chebyshev degree: 14
SCF iter 1: 4 CheFSI passes (rhoTrigger)
DUMP_SCF_ITER=0 PASS=0
DUMP_EIGVALS 7.5216253896e-01 7.9960391558e-01 8.5426306196e-01 8.6614527504e-01 8.8413896071e-01 9.1318502823e-01 9.3999053786e-01 9.6240096686e-01
DUMP_EFERMI=8.743647119938220e-01
DUMP_OCC 1.0000000000e+00 1.0000000000e+00 1.0000000000e+00 1.0000000000e+00 2.9317400750e-48 0.0000000000e+00 0.0000000000e+00 0.0000000000e+00
DUMP_SCF_ITER=0 PASS=1
DUMP_EIGVALS 1.2711279512e-01 1.9400438470e-01 2.1081042093e-01 2.1903187721e-01 2.4053612181e-01 2.6775832889e-01 2.7731995549e-01 2.8036190049e-01
DUMP_EFERMI=2.324456769339816e-01
DUMP_OCC 1.0000000000e+00 1.0000000000e+00 1.0000000000e+00 1.0000000000e+00 1.0524023337e-33 0.0000000000e+00 0.0000000000e+00 0.0000000000e+00
DUMP_SCF_ITER=0 PASS=2
DUMP_EIGVALS 4.4359526234e-02 8.9387678341e-02 9.8290672006e-02 1.1605893776e-01 1.2985714619e-01 1.5585164484e-01 1.6488283815e-01 1.7603232107e-01
DUMP_EFERMI=1.233800780004476e-01
DUMP_OCC 1.0000000000e+00 1.0000000000e+00 1.0000000000e+00 1.0000000000e+00 2.6669848193e-22 0.0000000000e+00 0.0000000000e+00 0.0000000000e+00
DUMP_SCF_ITER=0 PASS=3
DUMP_EIGVALS 3.5458306698e-02 7.1465252252e-02 7.7550270029e-02 8.6841976791e-02 1.0692460717e-01 1.2600352061e-01 1.3644078624e-01 1.3926631346e-01
DUMP_EFERMI=9.807627483453947e-02
DUMP_OCC 1.0000000000e+00 1.0000000000e+00 1.0000000000e+00 1.0000000000e+00 6.4073139327e-40 0.0000000000e+00 0.0000000000e+00 0.0000000000e+00
DUMP_RHO_OUT sum=2.438899999999990e+01 sum*dV=7.999999999999968e+00
DUMP_RHO_OUT[0]=1.166939469162645e-08
DUMP_RHO_OUT[1]=5.027206249122470e-08
DUMP_RHO_OUT[2]=1.056614737929968e-07
DUMP_RHO_OUT[3]=1.644787003160682e-07
DUMP_RHO_OUT[4]=2.129233894766435e-07
DUMP_RHO_OUT[5]=2.402245658146991e-07
DUMP_RHO_OUT[6]=2.407879846891341e-07
DUMP_RHO_OUT[7]=2.150395486788992e-07
DUMP_RHO_OUT[8]=1.696742125814035e-07
DUMP_RHO_OUT[9]=1.161360942351522e-07
DUMP_EBAND=5.426316115371790e-01
SCF iter   1: Etot =       0.5426316115 Ha, SCF error =  1.000e+00, Ef =    0.09808
DUMP_SCF_ITER=1 PASS=0
DUMP_EIGVALS -3.6914424751e-02 -3.1718612082e-02 -1.3438397159e-02 -3.4195751327e-03 6.1737798676e-04 3.9512763661e-03 2.1279702694e-02 2.4346256586e-02
DUMP_EFERMI=-1.401098572960921e-03
DUMP_OCC 1.0000000000e+00 1.0000000000e+00 1.0000000000e+00 9.9867060747e-01 1.3293925266e-03 8.1006573436e-16 3.5473737653e-250 1.0918850773e-321
DUMP_RHO_OUT sum=2.438900000000011e+01 sum*dV=8.000000000000037e+00
DUMP_RHO_OUT[0]=3.795849415672535e-08
DUMP_RHO_OUT[1]=1.709196778651678e-07
DUMP_RHO_OUT[2]=3.865394059074029e-07
DUMP_RHO_OUT[3]=6.589387218542415e-07
DUMP_RHO_OUT[4]=9.473318527500651e-07
DUMP_RHO_OUT[5]=1.204829762629575e-06
DUMP_RHO_OUT[6]=1.392076915894413e-06
DUMP_RHO_OUT[7]=1.490004816695629e-06
DUMP_RHO_OUT[8]=1.507553028181436e-06
DUMP_RHO_OUT[9]=1.469851919125351e-06
DUMP_EBAND=-1.709712848585156e-01
SCF iter   2: Etot =      -0.3243485600 Ha, SCF error =  9.025e-01, Ef =   -0.00140